{"level":"debug","message":"findTopPumpsAbsolute returned: ","timestamp":"2022-11-17T10:46:20.527Z"}
{"level":"info","message":"sending message to Telegram with top pumps","timestamp":"2022-11-17T10:46:20.530Z"}
{"level":"debug","message":"findTopPumpsAbsolute returned: ","timestamp":"2022-11-17T10:47:20.276Z"}
{"level":"info","message":"sending message to Telegram with top pumps","timestamp":"2022-11-17T10:47:20.277Z"}
{"level":"debug","message":"findTopPumpsAbsolute returned: ","timestamp":"2022-11-17T10:48:21.288Z"}
{"level":"info","message":"sending message to Telegram with top pumps","timestamp":"2022-11-17T10:48:21.288Z"}
{"level":"debug","message":"findTopPumpsAbsolute returned: ","timestamp":"2022-11-17T10:49:20.528Z"}
{"level":"info","message":"sending message to Telegram with top pumps","timestamp":"2022-11-17T10:49:20.529Z"}
{"level":"debug","message":"findTopPumpsAbsolute returned: ","timestamp":"2022-11-17T10:50:21.311Z"}
{"level":"info","message":"sending message to Telegram with top pumps","timestamp":"2022-11-17T10:50:21.312Z"}
{"level":"debug","message":"findTopPumpsAbsolute returned: ","timestamp":"2022-11-17T10:51:20.346Z"}
{"level":"info","message":"sending message to Telegram with top pumps","timestamp":"2022-11-17T10:51:20.346Z"}
{"level":"debug","message":"findTopPumpsAbsolute returned: ","timestamp":"2022-11-17T10:52:20.350Z"}
{"level":"info","message":"sending message to Telegram with top pumps","timestamp":"2022-11-17T10:52:20.351Z"}
{"level":"debug","message":"findTopPumpsAbsolute returned: ","timestamp":"2022-11-17T10:53:56.605Z"}
{"level":"debug","message":"findTopPumpsAbsolute returned: ","timestamp":"2022-11-17T10:54:56.542Z"}
{"level":"debug","message":"findTopPumpsAbsolute returned: ","timestamp":"2022-11-17T10:55:56.561Z"}
{"level":"debug","message":"findTopPumpsAbsolute returned: ","timestamp":"2022-11-17T10:56:56.571Z"}
{"level":"debug","message":"findTopPumpsAbsolute returned: ","timestamp":"2022-11-17T10:59:14.221Z"}
{"level":"debug","message":"findTopPumpsAbsolute returned: ","timestamp":"2022-11-17T11:00:13.401Z"}
{"level":"debug","message":"findTopPumpsAbsolute returned: ","timestamp":"2022-11-17T11:01:13.327Z"}
{"level":"debug","message":"findTopPumpsAbsolute returned: ","timestamp":"2022-11-17T11:02:13.413Z"}
{"level":"debug","message":"findTopPumpsAbsolute returned: ","timestamp":"2022-11-17T11:03:13.354Z"}
{"level":"debug","message":"findTopPumpsAbsolute returned: ","timestamp":"2022-11-17T11:04:13.380Z"}
{"level":"debug","message":"findTopPumpsAbsolute returned: ","timestamp":"2022-11-17T11:05:13.332Z"}
{"level":"debug","message":"findTopPumpsAbsolute returned: ","timestamp":"2022-11-17T11:07:21.882Z"}
{"level":"debug","message":"findTopPumpsAbsolute returned: ","timestamp":"2022-11-17T11:08:22.898Z"}
{"level":"debug","message":"findTopPumpsAbsolute returned: ","timestamp":"2022-11-17T11:09:22.920Z"}
{"level":"debug","message":"findTopPumpsAbsolute returned: ","timestamp":"2022-11-17T11:10:22.187Z"}
{"level":"debug","message":"findTopPumpsAbsolute returned: ","timestamp":"2022-11-17T11:11:21.973Z"}
{"level":"debug","message":"findTopPumpsAbsolute returned: ","timestamp":"2022-11-17T11:12:21.971Z"}
{"level":"debug","message":"findTopPumpsAbsolute returned: ","timestamp":"2022-11-17T11:13:37.008Z"}
{"level":"debug","message":"findTopPumpsAbsolute returned: ","timestamp":"2022-11-17T11:14:36.806Z"}
{"level":"debug","message":"findTopPumpsAbsolute returned: ","timestamp":"2022-11-17T11:15:36.783Z"}
{"level":"debug","message":"findTopPumpsAbsolute returned: ","timestamp":"2022-11-17T11:16:37.773Z"}
{"level":"debug","message":"findTopPumpsAbsolute returned: ","timestamp":"2022-11-17T11:17:36.873Z"}
{"level":"debug","message":"findTopPumpsAbsolute returned: nothing((","timestamp":"2022-11-17T11:19:20.376Z"}
{"level":"debug","message":"findTopPumpsAbsolute returned: nothing((","timestamp":"2022-11-17T11:20:20.188Z"}
{"level":"debug","message":"findTopPumpsAbsolute returned: [object Object]","timestamp":"2022-11-17T11:21:20.142Z"}
{"level":"info","message":"sending message to Telegram with top pumps","timestamp":"2022-11-17T11:21:20.143Z"}
{"level":"debug","message":"findTopPumpsAbsolute returned: nothing((","timestamp":"2022-11-17T11:22:20.247Z"}
{"level":"debug","message":"findTopPumpsAbsolute returned: [object Object],[object Object],[object Object]","timestamp":"2022-11-17T11:23:20.197Z"}
{"level":"info","message":"sending message to Telegram with top pumps","timestamp":"2022-11-17T11:23:20.198Z"}
{"level":"debug","message":"findTopPumpsAbsolute returned: [object Object],[object Object],[object Object],[object Object]","timestamp":"2022-11-17T11:24:20.223Z"}
{"level":"info","message":"sending message to Telegram with top pumps","timestamp":"2022-11-17T11:24:20.223Z"}
{"level":"debug","message":"findTopPumpsAbsolute returned: nothing((","timestamp":"2022-11-17T12:22:24.215Z"}
{"level":"debug","message":"findTopPumpsAbsolute returned: nothing((","timestamp":"2022-11-17T12:23:24.153Z"}
{"level":"debug","message":"findTopPumpsAbsolute returned: nothing((","timestamp":"2022-11-17T12:24:24.389Z"}
{"level":"debug","message":"findTopPumpsAbsolute returned: nothing((","timestamp":"2022-11-17T12:25:24.167Z"}
{"level":"debug","message":"findTopPumpsAbsolute returned: nothing((","timestamp":"2022-11-17T12:26:24.162Z"}
{"level":"debug","message":"findTopPumpsAbsolute returned: nothing((","timestamp":"2022-11-17T12:27:24.372Z"}
{"level":"debug","message":"findTopPumpsAbsolute returned: nothing((","timestamp":"2022-11-17T12:28:24.144Z"}
{"level":"debug","message":"findTopPumpsAbsolute returned: nothing((","timestamp":"2022-11-17T12:29:24.164Z"}
{"level":"debug","message":"findTopPumpsAbsolute returned: nothing((","timestamp":"2022-11-17T12:30:24.179Z"}
{"level":"debug","message":"findTopPumpsAbsolute returned: nothing((","timestamp":"2022-11-17T12:31:24.160Z"}
{"level":"debug","message":"findTopPumpsAbsolute returned: nothing((","timestamp":"2022-11-17T12:32:24.460Z"}
{"level":"debug","message":"findTopPumpsAbsolute returned: nothing((","timestamp":"2022-11-17T12:33:24.529Z"}
{"level":"debug","message":"findTopPumpsAbsolute returned: nothing((","timestamp":"2022-11-17T12:34:24.178Z"}
{"level":"debug","message":"findTopPumpsAbsolute returned: nothing((","timestamp":"2022-11-17T12:35:24.217Z"}
{"level":"debug","message":"findTopPumpsAbsolute returned: nothing((","timestamp":"2022-11-17T12:36:24.368Z"}
{"level":"debug","message":"findTopPumpsAbsolute returned: nothing((","timestamp":"2022-11-17T12:37:24.305Z"}
{"level":"debug","message":"findTopPumpsAbsolute returned: 1 objects","timestamp":"2022-11-17T12:38:24.364Z"}
{"level":"info","message":"sending message to Telegram with top pumps","timestamp":"2022-11-17T12:38:24.365Z"}
{"level":"debug","message":"findTopPumpsAbsolute returned: 2 objects","timestamp":"2022-11-17T12:39:25.258Z"}
{"level":"info","message":"sending message to Telegram with top pumps","timestamp":"2022-11-17T12:39:25.258Z"}
{"level":"debug","message":"findTopPumpsAbsolute returned: 2 objects","timestamp":"2022-11-17T12:40:24.682Z"}
{"level":"info","message":"sending message to Telegram with top pumps","timestamp":"2022-11-17T12:40:24.683Z"}
{"level":"debug","message":"findTopPumpsAbsolute returned: 3 objects","timestamp":"2022-11-17T12:41:24.293Z"}
{"level":"info","message":"sending message to Telegram with top pumps","timestamp":"2022-11-17T12:41:24.293Z"}
{"level":"debug","message":"findTopPumpsAbsolute returned: 2 objects","timestamp":"2022-11-17T12:42:25.412Z"}
{"level":"info","message":"sending message to Telegram with top pumps","timestamp":"2022-11-17T12:42:25.413Z"}
{"level":"debug","message":"findTopPumpsAbsolute returned: 1 objects","timestamp":"2022-11-17T12:43:24.495Z"}
{"level":"info","message":"sending message to Telegram with top pumps","timestamp":"2022-11-17T12:43:24.495Z"}
{"level":"debug","message":"findTopPumpsAbsolute returned: 2 objects","timestamp":"2022-11-17T12:44:24.299Z"}
{"level":"info","message":"sending message to Telegram with top pumps","timestamp":"2022-11-17T12:44:24.299Z"}
{"level":"debug","message":"findTopPumpsAbsolute returned: 2 objects","timestamp":"2022-11-17T12:45:24.280Z"}
{"level":"info","message":"sending message to Telegram with top pumps","timestamp":"2022-11-17T12:45:24.280Z"}
{"level":"debug","message":"findTopPumpsAbsolute returned: nothing((","timestamp":"2022-11-17T12:46:34.004Z"}
{"level":"debug","message":"findTopPumpsAbsolute returned: nothing((","timestamp":"2022-11-17T12:47:34.285Z"}
{"level":"debug","message":"findTopPumpsAbsolute returned: nothing((","timestamp":"2022-11-17T12:48:33.925Z"}
{"level":"debug","message":"findTopPumpsAbsolute returned: nothing((","timestamp":"2022-11-17T12:49:34.128Z"}
{"level":"debug","message":"findTopPumpsAbsolute returned: nothing((","timestamp":"2022-11-17T12:50:33.933Z"}
{"level":"debug","message":"findTopPumpsAbsolute returned: nothing((","timestamp":"2022-11-17T12:51:34.105Z"}
{"level":"debug","message":"findTopPumpsAbsolute returned: 1 objects","timestamp":"2022-11-17T12:52:33.869Z"}
{"level":"info","message":"sending message to Telegram with top pumps","timestamp":"2022-11-17T12:52:33.869Z"}
{"level":"debug","message":"findTopPumpsAbsolute returned: nothing((","timestamp":"2022-11-17T12:53:33.990Z"}
{"level":"debug","message":"findTopPumpsAbsolute returned: nothing((","timestamp":"2022-11-17T12:54:33.931Z"}
{"level":"debug","message":"findTopPumpsAbsolute returned: nothing((","timestamp":"2022-11-17T12:55:34.128Z"}
{"level":"debug","message":"findTopPumpsAbsolute returned: nothing((","timestamp":"2022-11-17T12:56:33.906Z"}
{"level":"debug","message":"findTopPumpsAbsolute returned: nothing((","timestamp":"2022-11-17T12:57:33.940Z"}
{"level":"debug","message":"findTopPumpsAbsolute returned: nothing((","timestamp":"2022-11-17T12:58:33.990Z"}
{"level":"debug","message":"findTopPumpsAbsolute returned: nothing((","timestamp":"2022-11-17T12:59:34.146Z"}
{"level":"debug","message":"findTopPumpsAbsolute returned: nothing((","timestamp":"2022-11-17T13:00:33.981Z"}
{"level":"debug","message":"findTopPumpsAbsolute returned: nothing((","timestamp":"2022-11-22T10:36:41.288Z"}
{"level":"debug","message":"findTopPumpsAbsolute returned: nothing((","timestamp":"2022-11-22T10:37:41.249Z"}
{"level":"debug","message":"findTopPumpsAbsolute returned: nothing((","timestamp":"2022-11-22T10:38:41.274Z"}
{"level":"debug","message":"findTopPumpsAbsolute returned: nothing((","timestamp":"2022-11-22T10:39:41.169Z"}
{"level":"debug","message":"findTopPumpsAbsolute returned: nothing((","timestamp":"2022-11-22T10:40:41.319Z"}
{"level":"debug","message":"findTopPumpsAbsolute returned: nothing((","timestamp":"2022-11-22T10:41:41.162Z"}
{"level":"debug","message":"findTopPumpsAbsolute returned: nothing((","timestamp":"2022-11-22T10:42:41.236Z"}
{"level":"debug","message":"findTopPumpsAbsolute returned: nothing((","timestamp":"2022-11-22T10:43:41.236Z"}
{"level":"debug","message":"findTopPumpsAbsolute returned: nothing((","timestamp":"2022-11-22T10:44:41.268Z"}
{"level":"debug","message":"findTopPumpsAbsolute returned: nothing((","timestamp":"2022-11-22T10:45:41.296Z"}
{"level":"debug","message":"findTopPumpsAbsolute returned: nothing((","timestamp":"2022-11-22T10:46:41.492Z"}
{"level":"debug","message":"findTopPumpsAbsolute returned: nothing((","timestamp":"2022-11-22T10:47:41.244Z"}
{"level":"debug","message":"findTopPumpsAbsolute returned: nothing((","timestamp":"2022-11-22T10:48:41.290Z"}
{"level":"debug","message":"findTopPumpsAbsolute returned: nothing((","timestamp":"2022-11-22T10:49:42.271Z"}
{"level":"debug","message":"findTopPumpsAbsolute returned: nothing((","timestamp":"2022-11-22T10:50:41.305Z"}
{"level":"debug","message":"findTopPumpsAbsolute returned: nothing((","timestamp":"2022-11-22T10:51:41.269Z"}
{"level":"debug","message":"findTopPumpsAbsolute returned: nothing((","timestamp":"2022-11-22T10:52:41.340Z"}
{"level":"debug","message":"findTopPumpsAbsolute returned: nothing((","timestamp":"2022-11-22T10:53:41.258Z"}
{"level":"debug","message":"findTopPumpsAbsolute returned: nothing((","timestamp":"2022-11-22T10:54:41.549Z"}
{"level":"debug","message":"findTopPumpsAbsolute returned: nothing((","timestamp":"2022-11-22T10:55:41.520Z"}
{"level":"debug","message":"findTopPumpsAbsolute returned: nothing((","timestamp":"2022-11-22T10:56:41.592Z"}
{"level":"debug","message":"findTopPumpsAbsolute returned: nothing((","timestamp":"2022-11-22T10:57:41.568Z"}
{"level":"debug","message":"findTopPumpsAbsolute returned: nothing((","timestamp":"2022-11-22T10:58:41.513Z"}
{"level":"debug","message":"findTopPumpsAbsolute returned: nothing((","timestamp":"2022-11-22T10:59:41.705Z"}
{"level":"debug","message":"findTopPumpsAbsolute returned: nothing((","timestamp":"2022-11-22T11:00:41.640Z"}
{"level":"debug","message":"findTopPumpsAbsolute returned: nothing((","timestamp":"2022-11-22T11:01:41.461Z"}
{"level":"debug","message":"findTopPumpsAbsolute returned: nothing((","timestamp":"2022-11-22T11:02:41.517Z"}
{"level":"debug","message":"findTopPumpsAbsolute returned: nothing((","timestamp":"2022-11-22T11:03:41.376Z"}
{"level":"debug","message":"findTopPumpsAbsolute returned: nothing((","timestamp":"2022-11-22T11:04:41.588Z"}
{"level":"debug","message":"findTopPumpsAbsolute returned: nothing((","timestamp":"2022-11-22T11:05:41.626Z"}
{"level":"debug","message":"findTopPumpsAbsolute returned: nothing((","timestamp":"2022-11-22T11:06:41.632Z"}
{"level":"debug","message":"findTopPumpsAbsolute returned: nothing((","timestamp":"2022-11-22T11:07:41.631Z"}
{"level":"debug","message":"findTopPumpsAbsolute returned: nothing((","timestamp":"2022-11-22T11:08:41.424Z"}
{"level":"debug","message":"findTopPumpsAbsolute returned: nothing((","timestamp":"2022-11-22T11:09:41.639Z"}
{"level":"debug","message":"findTopPumpsAbsolute returned: nothing((","timestamp":"2022-11-22T11:10:42.415Z"}
{"level":"debug","message":"findTopPumpsAbsolute returned: nothing((","timestamp":"2022-11-22T11:11:41.419Z"}
{"level":"debug","message":"findTopPumpsAbsolute returned: nothing((","timestamp":"2022-11-22T11:12:41.621Z"}
{"level":"debug","message":"findTopPumpsAbsolute returned: nothing((","timestamp":"2022-11-22T11:13:41.446Z"}
{"level":"debug","message":"findTopPumpsAbsolute returned: nothing((","timestamp":"2022-11-22T11:14:41.459Z"}
{"level":"debug","message":"findTopPumpsAbsolute returned: nothing((","timestamp":"2022-11-22T11:15:41.466Z"}
{"level":"debug","message":"findTopPumpsAbsolute returned: nothing((","timestamp":"2022-11-22T11:16:41.450Z"}
{"level":"debug","message":"findTopPumpsAbsolute returned: nothing((","timestamp":"2022-11-22T11:17:41.440Z"}
{"level":"debug","message":"findTopPumpsAbsolute returned: nothing((","timestamp":"2022-11-22T11:18:41.541Z"}
{"level":"debug","message":"findTopPumpsAbsolute returned: nothing((","timestamp":"2022-11-22T11:19:41.481Z"}
{"level":"debug","message":"findTopPumpsAbsolute returned: nothing((","timestamp":"2022-11-22T11:20:42.240Z"}
{"level":"debug","message":"findTopPumpsAbsolute returned: nothing((","timestamp":"2022-11-22T11:21:41.502Z"}
{"level":"debug","message":"findTopPumpsAbsolute returned: nothing((","timestamp":"2022-11-22T11:22:41.800Z"}
{"level":"debug","message":"findTopPumpsAbsolute returned: nothing((","timestamp":"2022-11-22T11:23:41.526Z"}
{"level":"debug","message":"findTopPumpsAbsolute returned: nothing((","timestamp":"2022-11-22T11:24:41.769Z"}
{"level":"debug","message":"findTopPumpsAbsolute returned: nothing((","timestamp":"2022-11-22T11:25:41.505Z"}
{"level":"debug","message":"findTopPumpsAbsolute returned: nothing((","timestamp":"2022-11-22T11:26:41.801Z"}
{"level":"debug","message":"findTopPumpsAbsolute returned: nothing((","timestamp":"2022-11-22T11:27:41.543Z"}
{"level":"debug","message":"findTopPumpsAbsolute returned: nothing((","timestamp":"2022-11-22T11:28:41.537Z"}
{"level":"debug","message":"findTopPumpsAbsolute returned: nothing((","timestamp":"2022-11-22T11:29:41.592Z"}
{"level":"debug","message":"findTopPumpsAbsolute returned: nothing((","timestamp":"2022-11-22T11:30:41.584Z"}
{"level":"debug","message":"findTopPumpsAbsolute returned: nothing((","timestamp":"2022-11-22T11:31:41.597Z"}
{"level":"debug","message":"findTopPumpsAbsolute returned: nothing((","timestamp":"2022-11-22T11:32:41.587Z"}
{"level":"debug","message":"findTopPumpsAbsolute returned: nothing((","timestamp":"2022-11-22T11:33:41.557Z"}
{"level":"debug","message":"findTopPumpsAbsolute returned: nothing((","timestamp":"2022-11-22T11:34:41.599Z"}
{"level":"debug","message":"findTopPumpsAbsolute returned: nothing((","timestamp":"2022-11-22T11:35:41.597Z"}
{"level":"debug","message":"findTopPumpsAbsolute returned: nothing((","timestamp":"2022-11-22T11:36:41.624Z"}
{"level":"debug","message":"findTopPumpsAbsolute returned: nothing((","timestamp":"2022-11-22T11:37:41.849Z"}
{"level":"debug","message":"findTopPumpsAbsolute returned: nothing((","timestamp":"2022-11-22T11:38:41.613Z"}
{"level":"debug","message":"findTopPumpsAbsolute returned: nothing((","timestamp":"2022-11-22T11:39:41.592Z"}
{"level":"debug","message":"findTopPumpsAbsolute returned: nothing((","timestamp":"2022-11-22T11:40:41.862Z"}
{"level":"debug","message":"findTopPumpsAbsolute returned: nothing((","timestamp":"2022-11-22T11:41:42.631Z"}
{"level":"debug","message":"findTopPumpsAbsolute returned: nothing((","timestamp":"2022-11-22T11:42:41.675Z"}
{"level":"debug","message":"findTopPumpsAbsolute returned: nothing((","timestamp":"2022-11-22T11:43:41.640Z"}
{"level":"debug","message":"findTopPumpsAbsolute returned: nothing((","timestamp":"2022-11-22T11:44:41.897Z"}
{"level":"debug","message":"findTopPumpsAbsolute returned: nothing((","timestamp":"2022-11-22T11:45:41.681Z"}
{"level":"debug","message":"findTopPumpsAbsolute returned: nothing((","timestamp":"2022-11-22T11:46:41.641Z"}
{"level":"debug","message":"findTopPumpsAbsolute returned: nothing((","timestamp":"2022-11-22T11:47:41.914Z"}
{"level":"debug","message":"findTopPumpsAbsolute returned: nothing((","timestamp":"2022-11-22T11:48:41.991Z"}
{"level":"debug","message":"findTopPumpsAbsolute returned: 1 objects","timestamp":"2022-11-22T11:49:41.709Z"}
{"level":"info","message":"sending message to Telegram with top pumps","timestamp":"2022-11-22T11:49:41.709Z"}
{"level":"debug","message":"findTopPumpsAbsolute returned: nothing((","timestamp":"2022-11-22T11:50:41.711Z"}
{"level":"debug","message":"findTopPumpsAbsolute returned: 1 objects","timestamp":"2022-11-22T11:51:41.708Z"}
{"level":"info","message":"sending message to Telegram with top pumps","timestamp":"2022-11-22T11:51:41.709Z"}
{"level":"debug","message":"findTopPumpsAbsolute returned: nothing((","timestamp":"2022-11-22T11:55:18.895Z"}
{"level":"debug","message":"findTopPumpsAbsolute returned: nothing((","timestamp":"2022-11-22T11:56:18.820Z"}
{"level":"debug","message":"findTopPumpsAbsolute returned: nothing((","timestamp":"2022-11-22T11:57:19.110Z"}
{"level":"debug","message":"findTopPumpsAbsolute returned: nothing((","timestamp":"2022-11-22T11:58:18.843Z"}
{"level":"debug","message":"findTopPumpsAbsolute returned: nothing((","timestamp":"2022-11-22T11:59:18.844Z"}
{"level":"debug","message":"findTopPumpsAbsolute returned: nothing((","timestamp":"2022-11-22T12:00:18.883Z"}
{"level":"debug","message":"findTopPumpsAbsolute returned: nothing((","timestamp":"2022-11-22T12:01:18.876Z"}
{"level":"debug","message":"findTopPumpsAbsolute returned: nothing((","timestamp":"2022-11-22T12:02:19.023Z"}
{"level":"debug","message":"findTopPumpsAbsolute returned: nothing((","timestamp":"2022-11-22T12:03:18.856Z"}
{"level":"debug","message":"findTopPumpsAbsolute returned: nothing((","timestamp":"2022-11-22T12:04:19.903Z"}
{"level":"debug","message":"findTopPumpsAbsolute returned: nothing((","timestamp":"2022-11-22T12:05:18.905Z"}
{"level":"debug","message":"findTopPumpsAbsolute returned: 1 objects","timestamp":"2022-11-22T12:06:18.890Z"}
{"level":"info","message":"sending message to Telegram with top pumps","timestamp":"2022-11-22T12:06:18.891Z"}
{"level":"debug","message":"findTopPumpsAbsolute returned: 1 objects","timestamp":"2022-11-22T12:07:18.903Z"}
{"level":"info","message":"sending message to Telegram with top pumps","timestamp":"2022-11-22T12:07:18.903Z"}
{"level":"debug","message":"findTopPumpsAbsolute returned: nothing((","timestamp":"2022-11-22T12:13:36.599Z"}
{"level":"debug","message":"findTopPumpsAbsolute returned: nothing((","timestamp":"2022-11-22T12:14:36.743Z"}
{"level":"debug","message":"findTopPumpsAbsolute returned: nothing((","timestamp":"2022-11-28T14:52:56.216Z"}
{"level":"debug","message":"findTopPumpsAbsolute returned: nothing((","timestamp":"2022-11-28T14:53:56.045Z"}
{"level":"debug","message":"findTopPumpsAbsolute returned: nothing((","timestamp":"2022-11-28T14:54:56.023Z"}
{"level":"debug","message":"findTopPumpsAbsolute returned: nothing((","timestamp":"2022-11-28T14:55:55.036Z"}
{"level":"debug","message":"findTopPumpsAbsolute returned: nothing((","timestamp":"2022-11-28T14:56:55.081Z"}
{"level":"info","message":"sending message to Telegram with top pumps","timestamp":"2022-12-03T07:56:52.922Z"}
{"level":"info","message":"sending message to Telegram with top pumps","timestamp":"2022-12-03T08:11:53.040Z"}
{"level":"info","message":"sending message to Telegram with top pumps","timestamp":"2022-12-03T08:13:53.129Z"}
{"level":"info","message":"sending message to Telegram with top pumps","timestamp":"2022-12-03T08:14:53.252Z"}
{"level":"info","message":"sending message to Telegram with top pumps","timestamp":"2022-12-03T08:15:54.065Z"}
{"level":"info","message":"sending message to Telegram with top pumps","timestamp":"2022-12-03T08:43:19.341Z"}
{"level":"info","message":"sending message to Telegram with top pumps","timestamp":"2022-12-03T08:59:35.580Z"}
{"level":"info","message":"sending message to Telegram with top pumps","timestamp":"2022-12-03T09:00:35.346Z"}
{"level":"info","message":"sending message to Telegram with top pumps","timestamp":"2022-12-03T11:04:03.032Z"}
{"level":"info","message":"sending message to Telegram with top pumps","timestamp":"2022-12-03T11:45:49.872Z"}
{"level":"info","message":"sending message to Telegram with top pumps","timestamp":"2022-12-03T12:00:50.260Z"}
{"level":"info","message":"sending message to Telegram with top pumps","timestamp":"2022-12-03T13:59:40.858Z"}
{"level":"info","message":"sending message to Telegram with top pumps","timestamp":"2022-12-08T09:22:45.272Z"}
{"level":"info","message":"sending message to Telegram with top pumps","timestamp":"2022-12-08T09:23:46.194Z"}
{"level":"info","message":"sending message to Telegram with top pumps","timestamp":"2022-12-08T09:24:46.252Z"}
{"level":"info","message":"sending message to Telegram with top pumps","timestamp":"2022-12-08T09:25:45.511Z"}
{"level":"info","message":"sending message to Telegram with top pumps","timestamp":"2022-12-08T09:26:45.246Z"}
{"level":"info","message":"sending message to Telegram with top pumps","timestamp":"2022-12-08T09:27:45.313Z"}
{"level":"info","message":"sending message to Telegram with top pumps","timestamp":"2022-12-09T08:50:37.997Z"}
{"level":"info","message":"sending message to Telegram with top pumps","timestamp":"2022-12-09T08:51:38.036Z"}
{"level":"info","message":"sending message to Telegram with top pumps","timestamp":"2022-12-09T08:52:38.042Z"}
{"level":"info","message":"sending message to Telegram with top pumps","timestamp":"2022-12-09T08:53:38.271Z"}
{"level":"info","message":"sending message to Telegram with top pumps","timestamp":"2022-12-09T08:54:39.208Z"}
{"level":"info","message":"sending message to Telegram with top pumps","timestamp":"2022-12-09T08:55:38.031Z"}
{"level":"info","message":"sending message to Telegram with top pumps","timestamp":"2022-12-09T08:56:38.098Z"}
{"level":"info","message":"sending message to Telegram with top pumps","timestamp":"2022-12-09T08:58:38.089Z"}
{"level":"info","message":"sending message to Telegram with top pumps","timestamp":"2022-12-09T09:43:19.875Z"}
{"level":"info","message":"sending message to Telegram with top pumps","timestamp":"2022-12-09T09:44:19.659Z"}
{"level":"info","message":"sending message to Telegram with top pumps","timestamp":"2022-12-09T09:45:19.916Z"}
{"level":"info","message":"sending message to Telegram with top pumps","timestamp":"2022-12-09T09:46:19.997Z"}
{"level":"info","message":"sending message to Telegram with top pumps","timestamp":"2022-12-09T09:47:19.960Z"}
{"level":"info","message":"sending message to Telegram with top pumps","timestamp":"2022-12-09T09:48:20.652Z"}
{"level":"info","message":"sending message to Telegram with top pumps","timestamp":"2022-12-09T09:49:19.700Z"}
{"level":"info","message":"sending message to Telegram with top pumps","timestamp":"2022-12-09T09:50:19.922Z"}
{"level":"info","message":"sending message to Telegram with top pumps","timestamp":"2022-12-09T09:51:19.645Z"}
{"level":"info","message":"sending message to Telegram with top pumps","timestamp":"2022-12-09T09:52:19.945Z"}
{"level":"info","message":"sending message to Telegram with top pumps","timestamp":"2022-12-09T09:53:19.938Z"}
{"level":"info","message":"sending message to Telegram with top pumps","timestamp":"2022-12-09T09:54:19.710Z"}
{"level":"info","message":"sending message to Telegram with top pumps","timestamp":"2022-12-09T09:55:19.720Z"}
{"level":"info","message":"sending message to Telegram with top pumps","timestamp":"2022-12-09T09:56:19.699Z"}
{"level":"info","message":"sending message to Telegram with top pumps","timestamp":"2022-12-09T10:21:19.904Z"}
{"level":"info","message":"sending message to Telegram with top pumps","timestamp":"2022-12-09T10:22:19.907Z"}
{"level":"info","message":"sending message to Telegram with top pumps","timestamp":"2022-12-09T12:22:59.182Z"}
{"level":"info","message":"sending message to Telegram with top pumps","timestamp":"2022-12-09T12:23:59.215Z"}
{"level":"info","message":"sending message to Telegram with top pumps","timestamp":"2022-12-09T12:24:59.225Z"}
{"level":"info","message":"sending message to Telegram with top pumps","timestamp":"2022-12-09T12:25:59.237Z"}
{"level":"info","message":"sending message to Telegram with top pumps","timestamp":"2022-12-09T12:26:59.225Z"}
{"level":"info","message":"sending message to Telegram with top pumps","timestamp":"2022-12-09T12:28:59.254Z"}
{"level":"info","message":"sending message to Telegram with top pumps","timestamp":"2022-12-09T12:30:59.251Z"}
{"level":"info","message":"sending message to Telegram with top pumps","timestamp":"2022-12-09T12:31:59.364Z"}
{"level":"info","message":"sending message to Telegram with top pumps","timestamp":"2022-12-09T12:41:59.371Z"}
{"level":"info","message":"sending message to Telegram with top pumps","timestamp":"2022-12-09T12:43:59.457Z"}
{"level":"info","message":"sending message to Telegram with top pumps","timestamp":"2022-12-09T12:45:00.332Z"}
{"level":"info","message":"sending message to Telegram with top pumps","timestamp":"2022-12-09T12:45:59.643Z"}
{"level":"info","message":"sending message to Telegram with top pumps","timestamp":"2022-12-09T12:47:59.428Z"}
{"level":"info","message":"sending message to Telegram with top pumps","timestamp":"2022-12-09T12:48:59.440Z"}
{"level":"info","message":"sending message to Telegram with top pumps","timestamp":"2022-12-09T12:49:59.448Z"}
{"level":"info","message":"sending message to Telegram with top pumps","timestamp":"2022-12-09T12:50:59.464Z"}
{"level":"info","message":"sending message to Telegram with top pumps","timestamp":"2022-12-09T12:51:59.425Z"}
{"level":"info","message":"sending message to Telegram with top pumps","timestamp":"2022-12-09T12:53:00.458Z"}
{"level":"info","message":"sending message to Telegram with top pumps","timestamp":"2022-12-09T12:53:59.886Z"}
{"level":"info","message":"sending message to Telegram with top pumps","timestamp":"2022-12-09T12:54:59.474Z"}
{"level":"info","message":"sending message to Telegram with top pumps","timestamp":"2022-12-09T13:05:59.798Z"}
{"level":"info","message":"sending message to Telegram with top pumps","timestamp":"2022-12-09T13:09:59.555Z"}
